0 info it worked if it ends with ok
1 verbose cli [
1 verbose cli   'C:\\Program Files\\nodejs\\node.exe',
1 verbose cli   'C:\\Users\\dawid\\Desktop\\Uni\\clon\\conFusion\\node_modules\\npm\\bin\\npm-cli.js',
1 verbose cli   'run',
1 verbose cli   'clean'
1 verbose cli ]
2 info using npm@3.10.10
3 info using node@v12.18.3
4 warn invalid config loglevel="notice"
5 verbose run-script [ 'preclean', 'clean', 'postclean' ]
6 info lifecycle confusion@1.0.0~preclean: confusion@1.0.0
7 silly lifecycle confusion@1.0.0~preclean: no script for preclean, continuing
8 info lifecycle confusion@1.0.0~clean: confusion@1.0.0
9 verbose lifecycle confusion@1.0.0~clean: unsafe-perm in lifecycle true
10 verbose lifecycle confusion@1.0.0~clean: PATH: C:\Users\dawid\Desktop\Uni\clon\conFusion\node_modules\npm\bin\node-gyp-bin;C:\Users\dawid\Desktop\Uni\clon\conFusion\node_modules\.bin;C:\Program Files\nodejs\node_modules\npm\node_modules\npm-lifecycle\node-gyp-bin;C:\Users\dawid\Desktop\Uni\clon\conFusion\node_modules\.bin;C:\Python38\Scripts\;C:\Python38\;C:\Program Files (x86)\Common Files\Oracle\Java\javapath;C:\Windows\system32;C:\Windows;C:\Windows\System32\Wbem;C:\Windows\System32\WindowsPowerShell\v1.0\;C:\Windows\System32\OpenSSH\;C:\Program Files\NVIDIA Corporation\NVIDIA NvDLISR;C:\Program Files (x86)\NVIDIA Corporation\PhysX\Common;C:\WINDOWS\system32;C:\WINDOWS;C:\WINDOWS\System32\Wbem;C:\WINDOWS\System32\WindowsPowerShell\v1.0\;C:\WINDOWS\System32\OpenSSH\;C:\Program Files\Git\cmd;C:\Program Files\nodejs\;C:\ProgramData\chocolatey\bin;C:\Users\dawid\AppData\Local\Microsoft\WindowsApps;C:\Users\dawid\AppData\Local\GitHubDesktop\bin;C:\Users\dawid\AppData\Local\atom\bin;C:\Users\dawid\AppData\Local\Microsoft\WindowsApps;;C:\Users\dawid\AppData\Local\Programs\Microsoft VS Code\bin;C:\Users\dawid\AppData\Roaming\npm
11 verbose lifecycle confusion@1.0.0~clean: CWD: C:\Users\dawid\Desktop\Uni\clon\conFusion
12 silly lifecycle confusion@1.0.0~clean: Args: [ '/d /s /c', 'rimraf dist' ]
13 silly lifecycle confusion@1.0.0~clean: Returned: code: 1  signal: null
14 info lifecycle confusion@1.0.0~clean: Failed to exec clean script
15 verbose stack Error: confusion@1.0.0 clean: `rimraf dist`
15 verbose stack Exit status 1
15 verbose stack     at EventEmitter.<anonymous> (C:\Users\dawid\Desktop\Uni\clon\conFusion\node_modules\npm\lib\utils\lifecycle.js:255:16)
15 verbose stack     at EventEmitter.emit (events.js:315:20)
15 verbose stack     at ChildProcess.<anonymous> (C:\Users\dawid\Desktop\Uni\clon\conFusion\node_modules\npm\lib\utils\spawn.js:40:14)
15 verbose stack     at ChildProcess.emit (events.js:315:20)
15 verbose stack     at maybeClose (internal/child_process.js:1021:16)
15 verbose stack     at Process.ChildProcess._handle.onexit (internal/child_process.js:286:5)
16 verbose pkgid confusion@1.0.0
17 verbose cwd C:\Users\dawid\Desktop\Uni\clon\conFusion
18 error Windows_NT 10.0.18363
19 error argv "C:\\Program Files\\nodejs\\node.exe" "C:\\Users\\dawid\\Desktop\\Uni\\clon\\conFusion\\node_modules\\npm\\bin\\npm-cli.js" "run" "clean"
20 error node v12.18.3
21 error npm  v3.10.10
22 error code ELIFECYCLE
23 error confusion@1.0.0 clean: `rimraf dist`
23 error Exit status 1
24 error Failed at the confusion@1.0.0 clean script 'rimraf dist'.
24 error Make sure you have the latest version of node.js and npm installed.
24 error If you do, this is most likely a problem with the confusion package,
24 error not with npm itself.
24 error Tell the author that this fails on your system:
24 error     rimraf dist
24 error You can get information on how to open an issue for this project with:
24 error     npm bugs confusion
24 error Or if that isn't available, you can get their info via:
24 error     npm owner ls confusion
24 error There is likely additional logging output above.
25 verbose exit [ 1, true ]
